# JRE version: OpenJDK Runtime Environment (14.0.2+12) (build 14.0.2+12-46)
# Java VM: OpenJDK 64-Bit Server VM (14.0.2+12-46, mixed mode, tiered, compressed oops, g1 gc, windows-amd64)
Heap:
 garbage-first heap   total 262144K, used 129983K [0x0000000701600000, 0x0000000800000000)
  region size 1024K, 109 young (111616K), 3 survivors (3072K)
 Metaspace       used 18026K, capacity 18388K, committed 18560K, reserved 1067008K
  class space    used 1759K, capacity 1897K, committed 1920K, reserved 1048576K
GC Heap History (10 events):
Event: 0.750 GC heap before
{Heap before GC invocations=0 (full 0):
 garbage-first heap   total 262144K, used 23552K [0x0000000701600000, 0x0000000800000000)
  region size 1024K, 23 young (23552K), 0 survivors (0K)
 Metaspace       used 15837K, capacity 16125K, committed 16384K, reserved 1064960K
  class space    used 1622K, capacity 1762K, committed 1792K, reserved 1048576K
}
Event: 0.752 GC heap after
{Heap after GC invocations=1 (full 0):
 garbage-first heap   total 262144K, used 3622K [0x0000000701600000, 0x0000000800000000)
  region size 1024K, 3 young (3072K), 3 survivors (3072K)
 Metaspace       used 15837K, capacity 16125K, committed 16384K, reserved 1064960K
  class space    used 1622K, capacity 1762K, committed 1792K, reserved 1048576K
}
Event: 1.473 GC heap before
{Heap before GC invocations=1 (full 0):
 garbage-first heap   total 262144K, used 44582K [0x0000000701600000, 0x0000000800000000)
  region size 1024K, 33 young (33792K), 3 survivors (3072K)
 Metaspace       used 16799K, capacity 17097K, committed 17280K, reserved 1064960K
  class space    used 1719K, capacity 1830K, committed 1920K, reserved 1048576K
}
Event: 1.475 GC heap after
{Heap after GC invocations=2 (full 0):
 garbage-first heap   total 262144K, used 15213K [0x0000000701600000, 0x0000000800000000)
  region size 1024K, 2 young (2048K), 2 survivors (2048K)
 Metaspace       used 16799K, capacity 17097K, committed 17280K, reserved 1064960K
  class space    used 1719K, capacity 1830K, committed 1920K, reserved 1048576K
}
Event: 3.509 GC heap before
{Heap before GC invocations=2 (full 0):
 garbage-first heap   total 262144K, used 172909K [0x0000000701600000, 0x0000000800000000)
  region size 1024K, 152 young (155648K), 2 survivors (2048K)
 Metaspace       used 17345K, capacity 17745K, committed 17792K, reserved 1064960K
  class space    used 1746K, capacity 1896K, committed 1920K, reserved 1048576K
}
Event: 3.511 GC heap after
{Heap after GC invocations=3 (full 0):
 garbage-first heap   total 262144K, used 15606K [0x0000000701600000, 0x0000000800000000)
  region size 1024K, 2 young (2048K), 2 survivors (2048K)
 Metaspace       used 17345K, capacity 17745K, committed 17792K, reserved 1064960K
  class space    used 1746K, capacity 1896K, committed 1920K, reserved 1048576K
}
Event: 9.210 GC heap before
{Heap before GC invocations=3 (full 0):
 garbage-first heap   total 262144K, used 202998K [0x0000000701600000, 0x0000000800000000)
  region size 1024K, 153 young (156672K), 2 survivors (2048K)
 Metaspace       used 17746K, capacity 18068K, committed 18304K, reserved 1064960K
  class space    used 1758K, capacity 1897K, committed 1920K, reserved 1048576K
}
Event: 9.211 GC heap after
{Heap after GC invocations=4 (full 0):
 garbage-first heap   total 262144K, used 44279K [0x0000000701600000, 0x0000000800000000)
  region size 1024K, 2 young (2048K), 2 survivors (2048K)
 Metaspace       used 17746K, capacity 18068K, committed 18304K, reserved 1064960K
  class space    used 1758K, capacity 1897K, committed 1920K, reserved 1048576K
}
Event: 11.414 GC heap before
{Heap before GC invocations=4 (full 0):
 garbage-first heap   total 262144K, used 209143K [0x0000000701600000, 0x0000000800000000)
  region size 1024K, 153 young (156672K), 2 survivors (2048K)
 Metaspace       used 17812K, capacity 18196K, committed 18304K, reserved 1064960K
  class space    used 1758K, capacity 1897K, committed 1920K, reserved 1048576K
}
Event: 11.414 GC heap after
{Heap after GC invocations=5 (full 0):
 garbage-first heap   total 262144K, used 22463K [0x0000000701600000, 0x0000000800000000)
  region size 1024K, 3 young (3072K), 3 survivors (3072K)
 Metaspace       used 17812K, capacity 18196K, committed 18304K, reserved 1064960K
  class space    used 1758K, capacity 1897K, committed 1920K, reserved 1048576K
}

