# JRE version: OpenJDK Runtime Environment (14.0.2+12) (build 14.0.2+12-46)
# Java VM: OpenJDK 64-Bit Server VM (14.0.2+12-46, mixed mode, tiered, compressed oops, g1 gc, windows-amd64)
Heap:
 garbage-first heap   total 262144K, used 33747K [0x0000000701600000, 0x0000000800000000)
  region size 1024K, 23 young (23552K), 2 survivors (2048K)
 Metaspace       used 19552K, capacity 19926K, committed 20096K, reserved 1067008K
  class space    used 1989K, capacity 2133K, committed 2176K, reserved 1048576K
GC Heap History (12 events):
Event: 0.729 GC heap before
{Heap before GC invocations=0 (full 0):
 garbage-first heap   total 262144K, used 23552K [0x0000000701600000, 0x0000000800000000)
  region size 1024K, 23 young (23552K), 0 survivors (0K)
 Metaspace       used 15827K, capacity 16157K, committed 16384K, reserved 1064960K
  class space    used 1618K, capacity 1730K, committed 1792K, reserved 1048576K
}
Event: 0.732 GC heap after
{Heap after GC invocations=1 (full 0):
 garbage-first heap   total 262144K, used 3532K [0x0000000701600000, 0x0000000800000000)
  region size 1024K, 3 young (3072K), 3 survivors (3072K)
 Metaspace       used 15827K, capacity 16157K, committed 16384K, reserved 1064960K
  class space    used 1618K, capacity 1730K, committed 1792K, reserved 1048576K
}
Event: 1.102 GC heap before
{Heap before GC invocations=1 (full 0):
 garbage-first heap   total 262144K, used 34252K [0x0000000701600000, 0x0000000800000000)
  region size 1024K, 33 young (33792K), 3 survivors (3072K)
 Metaspace       used 17735K, capacity 18023K, committed 18176K, reserved 1064960K
  class space    used 1870K, capacity 1989K, committed 2048K, reserved 1048576K
}
Event: 1.104 GC heap after
{Heap after GC invocations=2 (full 0):
 garbage-first heap   total 262144K, used 4642K [0x0000000701600000, 0x0000000800000000)
  region size 1024K, 2 young (2048K), 2 survivors (2048K)
 Metaspace       used 17735K, capacity 18023K, committed 18176K, reserved 1064960K
  class space    used 1870K, capacity 1989K, committed 2048K, reserved 1048576K
}
Event: 12.251 GC heap before
{Heap before GC invocations=2 (full 0):
 garbage-first heap   total 262144K, used 189986K [0x0000000701600000, 0x0000000800000000)
  region size 1024K, 153 young (156672K), 2 survivors (2048K)
 Metaspace       used 19297K, capacity 19669K, committed 19840K, reserved 1067008K
  class space    used 1986K, capacity 2133K, committed 2176K, reserved 1048576K
}
Event: 12.252 GC heap after
{Heap after GC invocations=3 (full 0):
 garbage-first heap   total 262144K, used 35388K [0x0000000701600000, 0x0000000800000000)
  region size 1024K, 2 young (2048K), 2 survivors (2048K)
 Metaspace       used 19297K, capacity 19669K, committed 19840K, reserved 1067008K
  class space    used 1986K, capacity 2133K, committed 2176K, reserved 1048576K
}
Event: 21.018 GC heap before
{Heap before GC invocations=3 (full 0):
 garbage-first heap   total 262144K, used 190012K [0x0000000701600000, 0x0000000800000000)
  region size 1024K, 153 young (156672K), 2 survivors (2048K)
 Metaspace       used 19496K, capacity 19862K, committed 20096K, reserved 1067008K
  class space    used 1987K, capacity 2133K, committed 2176K, reserved 1048576K
}
Event: 21.019 GC heap after
{Heap after GC invocations=4 (full 0):
 garbage-first heap   total 262144K, used 13001K [0x0000000701600000, 0x0000000800000000)
  region size 1024K, 2 young (2048K), 2 survivors (2048K)
 Metaspace       used 19496K, capacity 19862K, committed 20096K, reserved 1067008K
  class space    used 1987K, capacity 2133K, committed 2176K, reserved 1048576K
}
Event: 29.968 GC heap before
{Heap before GC invocations=4 (full 0):
 garbage-first heap   total 262144K, used 167625K [0x0000000701600000, 0x0000000800000000)
  region size 1024K, 153 young (156672K), 2 survivors (2048K)
 Metaspace       used 19502K, capacity 19862K, committed 20096K, reserved 1067008K
  class space    used 1988K, capacity 2133K, committed 2176K, reserved 1048576K
}
Event: 29.969 GC heap after
{Heap after GC invocations=5 (full 0):
 garbage-first heap   total 262144K, used 12949K [0x0000000701600000, 0x0000000800000000)
  region size 1024K, 2 young (2048K), 2 survivors (2048K)
 Metaspace       used 19502K, capacity 19862K, committed 20096K, reserved 1067008K
  class space    used 1988K, capacity 2133K, committed 2176K, reserved 1048576K
}
Event: 36.137 GC heap before
{Heap before GC invocations=5 (full 0):
 garbage-first heap   total 262144K, used 167573K [0x0000000701600000, 0x0000000800000000)
  region size 1024K, 153 young (156672K), 2 survivors (2048K)
 Metaspace       used 19542K, capacity 19862K, committed 20096K, reserved 1067008K
  class space    used 1988K, capacity 2133K, committed 2176K, reserved 1048576K
}
Event: 36.138 GC heap after
{Heap after GC invocations=6 (full 0):
 garbage-first heap   total 262144K, used 13267K [0x0000000701600000, 0x0000000800000000)
  region size 1024K, 2 young (2048K), 2 survivors (2048K)
 Metaspace       used 19542K, capacity 19862K, committed 20096K, reserved 1067008K
  class space    used 1988K, capacity 2133K, committed 2176K, reserved 1048576K
}

